<?xml version="1.0" encoding="UTF-8"?>
<!-- Generated by org.testng.reporters.JUnitReportReporter -->
<testsuite hostname="skumar523-C02XJ3WZJHD3" failures="0" tests="1" name="TestNG_Sequential.Amazon" time="7.129" errors="0" timestamp="2023-10-04T15:51:35 IST" skipped="0">
  <testcase classname="TestNG_Sequential.Amazon" name="amz" time="7.129"/>
</testsuite> <!-- TestNG_Sequential.Amazon -->
