<?xml version="1.0" encoding="UTF-8"?>
<!-- Generated by org.testng.reporters.JUnitReportReporter -->
<testsuite hostname="skumar523-C02XJ3WZJHD3" failures="0" tests="2" name="TestNg.Priority_Invocation_Enabled" time="0.010" errors="0" timestamp="2023-10-04T15:31:01 IST" skipped="1">
  <testcase classname="TestNg.Priority_Invocation_Enabled" name="demo3" time="0.010"/>
  <testcase classname="TestNg.Priority_Invocation_Enabled" name="demo2">
    <skipped/>
  </testcase> <!-- demo2 -->
</testsuite> <!-- TestNg.Priority_Invocation_Enabled -->
